2025-10-05 03:20:01.423 +08:00 [INF] Executed DbCommand (59ms) [Parameters=[], CommandType='"Text"', CommandTimeout='30']
SELECT "MigrationId", "ProductVersion"
FROM "__EFMigrationsHistory"
ORDER BY "MigrationId";
2025-10-05 03:20:01.794 +08:00 [ERR] Database migration or connectivity test failed: An error was generated for warning 'Microsoft.EntityFrameworkCore.Migrations.PendingModelChangesWarning': The model for context 'ApplicationDbContext' has pending changes. Add a new migration before updating the database. See https://aka.ms/efcore-docs-pending-changes. This exception can be suppressed or logged by passing event ID 'RelationalEventId.PendingModelChangesWarning' to the 'ConfigureWarnings' method in 'DbContext.OnConfiguring' or 'AddDbContext'.
System.InvalidOperationException: An error was generated for warning 'Microsoft.EntityFrameworkCore.Migrations.PendingModelChangesWarning': The model for context 'ApplicationDbContext' has pending changes. Add a new migration before updating the database. See https://aka.ms/efcore-docs-pending-changes. This exception can be suppressed or logged by passing event ID 'RelationalEventId.PendingModelChangesWarning' to the 'ConfigureWarnings' method in 'DbContext.OnConfiguring' or 'AddDbContext'.
   at Microsoft.EntityFrameworkCore.Diagnostics.EventDefinition`1.Log[TLoggerCategory](IDiagnosticsLogger`1 logger, TParam arg)
   at Microsoft.EntityFrameworkCore.Diagnostics.RelationalLoggerExtensions.PendingModelChangesWarning(IDiagnosticsLogger`1 diagnostics, Type contextType)
   at Microsoft.EntityFrameworkCore.Migrations.Internal.Migrator.ValidateMigrations(Boolean useTransaction, String targetMigration)
   at Microsoft.EntityFrameworkCore.Migrations.Internal.Migrator.Migrate(String targetMigration)
   at Npgsql.EntityFrameworkCore.PostgreSQL.Migrations.Internal.NpgsqlMigrator.Migrate(String targetMigration)
   at Microsoft.EntityFrameworkCore.RelationalDatabaseFacadeExtensions.Migrate(DatabaseFacade databaseFacade)
   at Program.<Main>$(String[] args) in C:\Users\merly\source\repos\SouthvilleEPortal.API\SouthvilleEPortal.API\Program.cs:line 137
2025-10-05 03:20:02.231 +08:00 [INF] User profile is available. Using 'C:\Users\merly\AppData\Local\ASP.NET\DataProtection-Keys' as key repository and Windows DPAPI to encrypt keys at rest.
2025-10-05 03:20:02.801 +08:00 [INF] Now listening on: https://localhost:7180
2025-10-05 03:20:02.846 +08:00 [INF] Now listening on: http://localhost:5092
2025-10-05 03:20:03.011 +08:00 [INF] Application started. Press Ctrl+C to shut down.
2025-10-05 03:20:03.135 +08:00 [INF] Hosting environment: Development
2025-10-05 03:20:03.179 +08:00 [INF] Content root path: C:\Users\merly\source\repos\SouthvilleEPortal.API\SouthvilleEPortal.API
2025-10-05 03:20:06.079 +08:00 [INF] Request starting HTTP/2 GET https://localhost:7180/ - null null
2025-10-05 03:20:06.535 +08:00 [INF] Executing endpoint 'HTTP: GET /'
2025-10-05 03:20:06.580 +08:00 [INF] Setting HTTP status code 200.
2025-10-05 03:20:06.591 +08:00 [INF] Writing value of type '<>f__AnonymousType6`3' as Json.
2025-10-05 03:20:06.606 +08:00 [INF] Executed endpoint 'HTTP: GET /'
2025-10-05 03:20:06.610 +08:00 [INF] GET / responded 200 in 193.201 ms
2025-10-05 03:20:06.632 +08:00 [INF] HTTP GET / responded 200 in 214.0148 ms
2025-10-05 03:20:06.662 +08:00 [INF] Request finished HTTP/2 GET https://localhost:7180/ - 200 null application/json; charset=utf-8 605.3128ms
2025-10-05 03:20:31.168 +08:00 [INF] Request starting HTTP/2 GET https://localhost:7180/api/students - null null
2025-10-05 03:20:31.251 +08:00 [INF] Authorization failed. These requirements were not met:
DenyAnonymousAuthorizationRequirement: Requires an authenticated user.
2025-10-05 03:20:31.262 +08:00 [INF] AuthenticationScheme: Bearer was challenged.
2025-10-05 03:20:31.267 +08:00 [INF] GET /api/students responded 401 in 80.7073 ms
2025-10-05 03:20:31.271 +08:00 [INF] HTTP GET /api/students responded 401 in 85.5594 ms
2025-10-05 03:20:31.278 +08:00 [INF] Request finished HTTP/2 GET https://localhost:7180/api/students - 401 0 null 110.4202ms
2025-10-05 05:06:01.408 +08:00 [INF] Executed DbCommand (56ms) [Parameters=[], CommandType='"Text"', CommandTimeout='30']
SELECT "MigrationId", "ProductVersion"
FROM "__EFMigrationsHistory"
ORDER BY "MigrationId";
2025-10-05 05:06:01.698 +08:00 [ERR] Database migration failed: An error was generated for warning 'Microsoft.EntityFrameworkCore.Migrations.PendingModelChangesWarning': The model for context 'ApplicationDbContext' has pending changes. Add a new migration before updating the database. See https://aka.ms/efcore-docs-pending-changes. This exception can be suppressed or logged by passing event ID 'RelationalEventId.PendingModelChangesWarning' to the 'ConfigureWarnings' method in 'DbContext.OnConfiguring' or 'AddDbContext'.
System.InvalidOperationException: An error was generated for warning 'Microsoft.EntityFrameworkCore.Migrations.PendingModelChangesWarning': The model for context 'ApplicationDbContext' has pending changes. Add a new migration before updating the database. See https://aka.ms/efcore-docs-pending-changes. This exception can be suppressed or logged by passing event ID 'RelationalEventId.PendingModelChangesWarning' to the 'ConfigureWarnings' method in 'DbContext.OnConfiguring' or 'AddDbContext'.
   at Microsoft.EntityFrameworkCore.Diagnostics.EventDefinition`1.Log[TLoggerCategory](IDiagnosticsLogger`1 logger, TParam arg)
   at Microsoft.EntityFrameworkCore.Diagnostics.RelationalLoggerExtensions.PendingModelChangesWarning(IDiagnosticsLogger`1 diagnostics, Type contextType)
   at Microsoft.EntityFrameworkCore.Migrations.Internal.Migrator.ValidateMigrations(Boolean useTransaction, String targetMigration)
   at Microsoft.EntityFrameworkCore.Migrations.Internal.Migrator.Migrate(String targetMigration)
   at Npgsql.EntityFrameworkCore.PostgreSQL.Migrations.Internal.NpgsqlMigrator.Migrate(String targetMigration)
   at Microsoft.EntityFrameworkCore.RelationalDatabaseFacadeExtensions.Migrate(DatabaseFacade databaseFacade)
   at Program.<Main>$(String[] args) in C:\Users\merly\source\repos\SouthvilleEPortal.API\SouthvilleEPortal.API\Program.cs:line 154
2025-10-05 05:06:01.939 +08:00 [INF] User profile is available. Using 'C:\Users\merly\AppData\Local\ASP.NET\DataProtection-Keys' as key repository and Windows DPAPI to encrypt keys at rest.
2025-10-05 05:06:02.229 +08:00 [INF] Now listening on: https://localhost:7180
2025-10-05 05:06:02.233 +08:00 [INF] Now listening on: http://localhost:5092
2025-10-05 05:06:02.434 +08:00 [INF] Application started. Press Ctrl+C to shut down.
2025-10-05 05:06:02.477 +08:00 [INF] Hosting environment: Development
2025-10-05 05:06:02.533 +08:00 [INF] Content root path: C:\Users\merly\source\repos\SouthvilleEPortal.API\SouthvilleEPortal.API
2025-10-05 05:06:02.888 +08:00 [INF] Request starting HTTP/2 GET https://localhost:7180/ - null null
2025-10-05 05:06:03.247 +08:00 [INF] Executing endpoint 'HTTP: GET /'
2025-10-05 05:06:03.324 +08:00 [INF] Setting HTTP status code 200.
2025-10-05 05:06:03.339 +08:00 [INF] Writing value of type '<>f__AnonymousType7`1' as Json.
2025-10-05 05:06:03.352 +08:00 [INF] Executed endpoint 'HTTP: GET /'
2025-10-05 05:06:03.358 +08:00 [INF] GET / responded 200 in 186.8932 ms
2025-10-05 05:06:03.372 +08:00 [INF] HTTP GET / responded 200 in 201.5183 ms
2025-10-05 05:06:03.389 +08:00 [INF] Request finished HTTP/2 GET https://localhost:7180/ - 200 null application/json; charset=utf-8 522.2683ms
2025-10-05 05:23:41.766 +08:00 [INF] Executed DbCommand (50ms) [Parameters=[], CommandType='"Text"', CommandTimeout='30']
SELECT "MigrationId", "ProductVersion"
FROM "__EFMigrationsHistory"
ORDER BY "MigrationId";
2025-10-05 05:23:41.950 +08:00 [ERR] Database migration failed: An error was generated for warning 'Microsoft.EntityFrameworkCore.Migrations.PendingModelChangesWarning': The model for context 'ApplicationDbContext' has pending changes. Add a new migration before updating the database. See https://aka.ms/efcore-docs-pending-changes. This exception can be suppressed or logged by passing event ID 'RelationalEventId.PendingModelChangesWarning' to the 'ConfigureWarnings' method in 'DbContext.OnConfiguring' or 'AddDbContext'.
System.InvalidOperationException: An error was generated for warning 'Microsoft.EntityFrameworkCore.Migrations.PendingModelChangesWarning': The model for context 'ApplicationDbContext' has pending changes. Add a new migration before updating the database. See https://aka.ms/efcore-docs-pending-changes. This exception can be suppressed or logged by passing event ID 'RelationalEventId.PendingModelChangesWarning' to the 'ConfigureWarnings' method in 'DbContext.OnConfiguring' or 'AddDbContext'.
   at Microsoft.EntityFrameworkCore.Diagnostics.EventDefinition`1.Log[TLoggerCategory](IDiagnosticsLogger`1 logger, TParam arg)
   at Microsoft.EntityFrameworkCore.Diagnostics.RelationalLoggerExtensions.PendingModelChangesWarning(IDiagnosticsLogger`1 diagnostics, Type contextType)
   at Microsoft.EntityFrameworkCore.Migrations.Internal.Migrator.ValidateMigrations(Boolean useTransaction, String targetMigration)
   at Microsoft.EntityFrameworkCore.Migrations.Internal.Migrator.Migrate(String targetMigration)
   at Npgsql.EntityFrameworkCore.PostgreSQL.Migrations.Internal.NpgsqlMigrator.Migrate(String targetMigration)
   at Microsoft.EntityFrameworkCore.RelationalDatabaseFacadeExtensions.Migrate(DatabaseFacade databaseFacade)
   at Program.<Main>$(String[] args) in C:\Users\merly\source\repos\SouthvilleEPortal.API\SouthvilleEPortal.API\Program.cs:line 154
2025-10-05 05:23:42.115 +08:00 [INF] User profile is available. Using 'C:\Users\merly\AppData\Local\ASP.NET\DataProtection-Keys' as key repository and Windows DPAPI to encrypt keys at rest.
2025-10-05 05:23:42.223 +08:00 [INF] Now listening on: http://localhost:5092
2025-10-05 05:23:42.231 +08:00 [INF] Application started. Press Ctrl+C to shut down.
2025-10-05 05:23:42.236 +08:00 [INF] Hosting environment: Development
2025-10-05 05:23:42.243 +08:00 [INF] Content root path: C:\Users\merly\source\repos\SouthvilleEPortal.API\SouthvilleEPortal.API
2025-10-05 05:24:56.875 +08:00 [INF] Request starting HTTP/1.1 POST http://localhost:5092/api/v1/auth/login - application/json 74
2025-10-05 05:24:56.998 +08:00 [WRN] Failed to determine the https port for redirect.
2025-10-05 05:24:57.026 +08:00 [INF] Executing endpoint 'SouthvilleEPortal.API.Modules.Auth.API.AuthController.Login (SouthvilleEPortal.API)'
2025-10-05 05:24:57.065 +08:00 [INF] Route matched with {action = "Login", controller = "Auth"}. Executing controller action with signature System.Threading.Tasks.Task`1[Microsoft.AspNetCore.Mvc.IActionResult] Login(LoginRequest, System.Threading.CancellationToken) on controller SouthvilleEPortal.API.Modules.Auth.API.AuthController (SouthvilleEPortal.API).
2025-10-05 05:24:57.164 +08:00 [INF] Start processing HTTP request POST https://bodabteswaxsxixfprqo.supabase.co/auth/v1/token?*
2025-10-05 05:24:57.170 +08:00 [INF] Sending HTTP request POST https://bodabteswaxsxixfprqo.supabase.co/auth/v1/token?*
2025-10-05 05:24:58.500 +08:00 [INF] Received HTTP response headers after 1320.8031ms - 200
2025-10-05 05:24:58.511 +08:00 [INF] End processing HTTP request after 1348.7877ms - 200
2025-10-05 05:24:58.561 +08:00 [INF] User 0cd05932-f359-43b8-961e-cfcbc94389e7 logged in with role student
2025-10-05 05:24:58.572 +08:00 [INF] Executing OkObjectResult, writing value of type 'SouthvilleEPortal.API.Modules.Auth.API.AuthController+LoginResponse'.
2025-10-05 05:24:58.605 +08:00 [INF] Executed action SouthvilleEPortal.API.Modules.Auth.API.AuthController.Login (SouthvilleEPortal.API) in 1529.3013ms
2025-10-05 05:24:58.616 +08:00 [INF] Executed endpoint 'SouthvilleEPortal.API.Modules.Auth.API.AuthController.Login (SouthvilleEPortal.API)'
2025-10-05 05:24:58.623 +08:00 [INF] POST /api/v1/auth/login responded 200 in 1653.901 ms
2025-10-05 05:24:58.635 +08:00 [INF] HTTP POST /api/v1/auth/login responded 200 in 1665.1504 ms
2025-10-05 05:24:58.653 +08:00 [INF] Request finished HTTP/1.1 POST http://localhost:5092/api/v1/auth/login - 200 null application/json; charset=utf-8 1778.7901ms
2025-10-05 05:26:31.925 +08:00 [INF] Application is shutting down...
2025-10-05 05:32:09.141 +08:00 [INF] Executed DbCommand (48ms) [Parameters=[], CommandType='"Text"', CommandTimeout='30']
SELECT "MigrationId", "ProductVersion"
FROM "__EFMigrationsHistory"
ORDER BY "MigrationId";
2025-10-05 05:32:09.328 +08:00 [ERR] Database migration failed: An error was generated for warning 'Microsoft.EntityFrameworkCore.Migrations.PendingModelChangesWarning': The model for context 'ApplicationDbContext' has pending changes. Add a new migration before updating the database. See https://aka.ms/efcore-docs-pending-changes. This exception can be suppressed or logged by passing event ID 'RelationalEventId.PendingModelChangesWarning' to the 'ConfigureWarnings' method in 'DbContext.OnConfiguring' or 'AddDbContext'.
System.InvalidOperationException: An error was generated for warning 'Microsoft.EntityFrameworkCore.Migrations.PendingModelChangesWarning': The model for context 'ApplicationDbContext' has pending changes. Add a new migration before updating the database. See https://aka.ms/efcore-docs-pending-changes. This exception can be suppressed or logged by passing event ID 'RelationalEventId.PendingModelChangesWarning' to the 'ConfigureWarnings' method in 'DbContext.OnConfiguring' or 'AddDbContext'.
   at Microsoft.EntityFrameworkCore.Diagnostics.EventDefinition`1.Log[TLoggerCategory](IDiagnosticsLogger`1 logger, TParam arg)
   at Microsoft.EntityFrameworkCore.Diagnostics.RelationalLoggerExtensions.PendingModelChangesWarning(IDiagnosticsLogger`1 diagnostics, Type contextType)
   at Microsoft.EntityFrameworkCore.Migrations.Internal.Migrator.ValidateMigrations(Boolean useTransaction, String targetMigration)
   at Microsoft.EntityFrameworkCore.Migrations.Internal.Migrator.Migrate(String targetMigration)
   at Npgsql.EntityFrameworkCore.PostgreSQL.Migrations.Internal.NpgsqlMigrator.Migrate(String targetMigration)
   at Microsoft.EntityFrameworkCore.RelationalDatabaseFacadeExtensions.Migrate(DatabaseFacade databaseFacade)
   at Program.<Main>$(String[] args) in C:\Users\merly\source\repos\SouthvilleEPortal.API\SouthvilleEPortal.API\Program.cs:line 154
2025-10-05 05:32:09.440 +08:00 [INF] User profile is available. Using 'C:\Users\merly\AppData\Local\ASP.NET\DataProtection-Keys' as key repository and Windows DPAPI to encrypt keys at rest.
2025-10-05 05:32:09.519 +08:00 [INF] Now listening on: http://localhost:5092
2025-10-05 05:32:09.526 +08:00 [INF] Application started. Press Ctrl+C to shut down.
2025-10-05 05:32:09.528 +08:00 [INF] Hosting environment: Development
2025-10-05 05:32:09.531 +08:00 [INF] Content root path: C:\Users\merly\source\repos\SouthvilleEPortal.API\SouthvilleEPortal.API
2025-10-05 05:32:37.806 +08:00 [INF] Request starting HTTP/1.1 POST http://localhost:5092/api/v1/auth/login - application/json 74
2025-10-05 05:32:37.919 +08:00 [WRN] Failed to determine the https port for redirect.
2025-10-05 05:32:37.946 +08:00 [INF] Executing endpoint 'SouthvilleEPortal.API.Modules.Auth.API.AuthController.Login (SouthvilleEPortal.API)'
2025-10-05 05:32:37.978 +08:00 [INF] Route matched with {action = "Login", controller = "Auth"}. Executing controller action with signature System.Threading.Tasks.Task`1[Microsoft.AspNetCore.Mvc.IActionResult] Login(LoginRequest, System.Threading.CancellationToken) on controller SouthvilleEPortal.API.Modules.Auth.API.AuthController (SouthvilleEPortal.API).
2025-10-05 05:32:38.075 +08:00 [INF] Start processing HTTP request POST https://bodabteswaxsxixfprqo.supabase.co/auth/v1/token?*
2025-10-05 05:32:38.080 +08:00 [INF] Sending HTTP request POST https://bodabteswaxsxixfprqo.supabase.co/auth/v1/token?*
2025-10-05 05:32:38.581 +08:00 [INF] Received HTTP response headers after 488.807ms - 200
2025-10-05 05:32:38.598 +08:00 [INF] End processing HTTP request after 525.2463ms - 200
2025-10-05 05:32:38.631 +08:00 [INF] User 0cd05932-f359-43b8-961e-cfcbc94389e7 logged in with role student
2025-10-05 05:32:38.644 +08:00 [INF] Executing OkObjectResult, writing value of type 'SouthvilleEPortal.API.Modules.Auth.API.AuthController+LoginResponse'.
2025-10-05 05:32:38.676 +08:00 [INF] Executed action SouthvilleEPortal.API.Modules.Auth.API.AuthController.Login (SouthvilleEPortal.API) in 679.5537ms
2025-10-05 05:32:38.687 +08:00 [INF] Executed endpoint 'SouthvilleEPortal.API.Modules.Auth.API.AuthController.Login (SouthvilleEPortal.API)'
2025-10-05 05:32:38.695 +08:00 [INF] POST /api/v1/auth/login responded 200 in 801.3886 ms
2025-10-05 05:32:38.706 +08:00 [INF] HTTP POST /api/v1/auth/login responded 200 in 812.2271 ms
2025-10-05 05:32:38.718 +08:00 [INF] Request finished HTTP/1.1 POST http://localhost:5092/api/v1/auth/login - 200 null application/json; charset=utf-8 910.574ms
2025-10-05 05:33:12.120 +08:00 [INF] Request starting HTTP/1.1 GET http://localhost:5092/api/v1/students - application/json 74
2025-10-05 05:33:12.198 +08:00 [INF] GET /api/v1/students responded 404 in 61.9487 ms
2025-10-05 05:33:12.204 +08:00 [INF] HTTP GET /api/v1/students responded 404 in 68.2702 ms
2025-10-05 05:33:12.213 +08:00 [INF] Request finished HTTP/1.1 GET http://localhost:5092/api/v1/students - 404 0 null 93.382ms
2025-10-05 05:33:12.233 +08:00 [INF] Request reached the end of the middleware pipeline without being handled by application code. Request path: GET http://localhost:5092/api/v1/students, Response status code: 404
2025-10-05 05:33:19.899 +08:00 [INF] Request starting HTTP/1.1 GET http://localhost:5092/v1/students - application/json 74
2025-10-05 05:33:19.920 +08:00 [INF] GET /v1/students responded 404 in 3.6088 ms
2025-10-05 05:33:19.928 +08:00 [INF] HTTP GET /v1/students responded 404 in 11.4371 ms
2025-10-05 05:33:19.933 +08:00 [INF] Request finished HTTP/1.1 GET http://localhost:5092/v1/students - 404 0 null 34.0581ms
2025-10-05 05:33:19.945 +08:00 [INF] Request reached the end of the middleware pipeline without being handled by application code. Request path: GET http://localhost:5092/v1/students, Response status code: 404
2025-10-05 05:35:28.448 +08:00 [INF] Request starting HTTP/1.1 GET http://localhost:5092/api/students - application/json 74
2025-10-05 05:35:28.480 +08:00 [INF] Executing endpoint 'SouthvilleEPortal.API.Modules.Students.API.StudentsController.GetAll (SouthvilleEPortal.API)'
2025-10-05 05:35:28.496 +08:00 [INF] Route matched with {action = "GetAll", controller = "Students"}. Executing controller action with signature System.Threading.Tasks.Task`1[Microsoft.AspNetCore.Mvc.IActionResult] GetAll(System.Threading.CancellationToken) on controller SouthvilleEPortal.API.Modules.Students.API.StudentsController (SouthvilleEPortal.API).
2025-10-05 05:36:01.213 +08:00 [ERR] Failed executing DbCommand (32,320ms) [Parameters=[], CommandType='"Text"', CommandTimeout='30']
SELECT s."Id", s.created_at_utc, s."Email", s."UpdatedAtUtc", s.first_name, s.last_name
FROM students AS s
2025-10-05 05:36:01.248 +08:00 [INF] A transient exception occurred during execution. The operation will be retried after 0ms.
Npgsql.NpgsqlException (0x80004005): Exception while reading from stream
 ---> System.TimeoutException: Timeout during reading attempt
   at Npgsql.Internal.NpgsqlReadBuffer.<Ensure>g__EnsureLong|55_0(NpgsqlReadBuffer buffer, Int32 count, Boolean async, Boolean readingNotifications)
   at System.Runtime.CompilerServices.PoolingAsyncValueTaskMethodBuilder`1.StateMachineBox`1.System.Threading.Tasks.Sources.IValueTaskSource.GetResult(Int16 token)
   at Npgsql.Internal.NpgsqlConnector.ReadMessageLong(Boolean async, DataRowLoadingMode dataRowLoadingMode, Boolean readingNotifications, Boolean isReadingPrependedMessage)
   at System.Runtime.CompilerServices.PoolingAsyncValueTaskMethodBuilder`1.StateMachineBox`1.System.Threading.Tasks.Sources.IValueTaskSource<TResult>.GetResult(Int16 token)
   at Npgsql.NpgsqlDataReader.NextResult(Boolean async, Boolean isConsuming, CancellationToken cancellationToken)
   at Npgsql.NpgsqlDataReader.NextResult(Boolean async, Boolean isConsuming, CancellationToken cancellationToken)
   at Npgsql.NpgsqlCommand.ExecuteReader(Boolean async, CommandBehavior behavior, CancellationToken cancellationToken)
   at Npgsql.NpgsqlCommand.ExecuteReader(Boolean async, CommandBehavior behavior, CancellationToken cancellationToken)
   at Npgsql.NpgsqlCommand.ExecuteDbDataReaderAsync(CommandBehavior behavior, CancellationToken cancellationToken)
   at Microsoft.EntityFrameworkCore.Storage.RelationalCommand.ExecuteReaderAsync(RelationalCommandParameterObject parameterObject, CancellationToken cancellationToken)
   at Microsoft.EntityFrameworkCore.Storage.RelationalCommand.ExecuteReaderAsync(RelationalCommandParameterObject parameterObject, CancellationToken cancellationToken)
   at Microsoft.EntityFrameworkCore.Query.Internal.SingleQueryingEnumerable`1.AsyncEnumerator.InitializeReaderAsync(AsyncEnumerator enumerator, CancellationToken cancellationToken)
   at Microsoft.EntityFrameworkCore.Storage.ExecutionStrategy.<>c__DisplayClass30_0`2.<<ExecuteAsync>b__0>d.MoveNext()
--- End of stack trace from previous location ---
   at Microsoft.EntityFrameworkCore.Storage.ExecutionStrategy.ExecuteImplementationAsync[TState,TResult](Func`4 operation, Func`4 verifySucceeded, TState state, CancellationToken cancellationToken)
Npgsql.NpgsqlException (0x80004005): Exception while reading from stream
 ---> System.TimeoutException: Timeout during reading attempt
   at Npgsql.Internal.NpgsqlReadBuffer.<Ensure>g__EnsureLong|55_0(NpgsqlReadBuffer buffer, Int32 count, Boolean async, Boolean readingNotifications)
   at System.Runtime.CompilerServices.PoolingAsyncValueTaskMethodBuilder`1.StateMachineBox`1.System.Threading.Tasks.Sources.IValueTaskSource.GetResult(Int16 token)
   at Npgsql.Internal.NpgsqlConnector.ReadMessageLong(Boolean async, DataRowLoadingMode dataRowLoadingMode, Boolean readingNotifications, Boolean isReadingPrependedMessage)
   at System.Runtime.CompilerServices.PoolingAsyncValueTaskMethodBuilder`1.StateMachineBox`1.System.Threading.Tasks.Sources.IValueTaskSource<TResult>.GetResult(Int16 token)
   at Npgsql.NpgsqlDataReader.NextResult(Boolean async, Boolean isConsuming, CancellationToken cancellationToken)
   at Npgsql.NpgsqlDataReader.NextResult(Boolean async, Boolean isConsuming, CancellationToken cancellationToken)
   at Npgsql.NpgsqlCommand.ExecuteReader(Boolean async, CommandBehavior behavior, CancellationToken cancellationToken)
   at Npgsql.NpgsqlCommand.ExecuteReader(Boolean async, CommandBehavior behavior, CancellationToken cancellationToken)
   at Npgsql.NpgsqlCommand.ExecuteDbDataReaderAsync(CommandBehavior behavior, CancellationToken cancellationToken)
   at Microsoft.EntityFrameworkCore.Storage.RelationalCommand.ExecuteReaderAsync(RelationalCommandParameterObject parameterObject, CancellationToken cancellationToken)
   at Microsoft.EntityFrameworkCore.Storage.RelationalCommand.ExecuteReaderAsync(RelationalCommandParameterObject parameterObject, CancellationToken cancellationToken)
   at Microsoft.EntityFrameworkCore.Query.Internal.SingleQueryingEnumerable`1.AsyncEnumerator.InitializeReaderAsync(AsyncEnumerator enumerator, CancellationToken cancellationToken)
   at Microsoft.EntityFrameworkCore.Storage.ExecutionStrategy.<>c__DisplayClass30_0`2.<<ExecuteAsync>b__0>d.MoveNext()
--- End of stack trace from previous location ---
   at Microsoft.EntityFrameworkCore.Storage.ExecutionStrategy.ExecuteImplementationAsync[TState,TResult](Func`4 operation, Func`4 verifySucceeded, TState state, CancellationToken cancellationToken)
2025-10-05 05:36:01.633 +08:00 [ERR] Failed executing DbCommand (56ms) [Parameters=[], CommandType='"Text"', CommandTimeout='30']
SELECT s."Id", s.created_at_utc, s."Email", s."UpdatedAtUtc", s.first_name, s.last_name
FROM students AS s
2025-10-05 05:36:01.660 +08:00 [ERR] An exception occurred while iterating over the results of a query for context type 'SouthvilleEPortal.API.Shared.Infrastructure.ApplicationDbContext'.
Npgsql.PostgresException (0x80004005): 42703: column s.UpdatedAtUtc does not exist

POSITION: 45
   at Npgsql.Internal.NpgsqlConnector.ReadMessageLong(Boolean async, DataRowLoadingMode dataRowLoadingMode, Boolean readingNotifications, Boolean isReadingPrependedMessage)
   at System.Runtime.CompilerServices.PoolingAsyncValueTaskMethodBuilder`1.StateMachineBox`1.System.Threading.Tasks.Sources.IValueTaskSource<TResult>.GetResult(Int16 token)
   at Npgsql.NpgsqlDataReader.NextResult(Boolean async, Boolean isConsuming, CancellationToken cancellationToken)
   at Npgsql.NpgsqlDataReader.NextResult(Boolean async, Boolean isConsuming, CancellationToken cancellationToken)
   at Npgsql.NpgsqlCommand.ExecuteReader(Boolean async, CommandBehavior behavior, CancellationToken cancellationToken)
   at Npgsql.NpgsqlCommand.ExecuteReader(Boolean async, CommandBehavior behavior, CancellationToken cancellationToken)
   at Npgsql.NpgsqlCommand.ExecuteDbDataReaderAsync(CommandBehavior behavior, CancellationToken cancellationToken)
   at Microsoft.EntityFrameworkCore.Storage.RelationalCommand.ExecuteReaderAsync(RelationalCommandParameterObject parameterObject, CancellationToken cancellationToken)
   at Microsoft.EntityFrameworkCore.Storage.RelationalCommand.ExecuteReaderAsync(RelationalCommandParameterObject parameterObject, CancellationToken cancellationToken)
   at Microsoft.EntityFrameworkCore.Query.Internal.SingleQueryingEnumerable`1.AsyncEnumerator.InitializeReaderAsync(AsyncEnumerator enumerator, CancellationToken cancellationToken)
   at Microsoft.EntityFrameworkCore.Storage.ExecutionStrategy.<>c__DisplayClass30_0`2.<<ExecuteAsync>b__0>d.MoveNext()
--- End of stack trace from previous location ---
   at Microsoft.EntityFrameworkCore.Storage.ExecutionStrategy.ExecuteImplementationAsync[TState,TResult](Func`4 operation, Func`4 verifySucceeded, TState state, CancellationToken cancellationToken)
   at Microsoft.EntityFrameworkCore.Storage.ExecutionStrategy.ExecuteImplementationAsync[TState,TResult](Func`4 operation, Func`4 verifySucceeded, TState state, CancellationToken cancellationToken)
   at Microsoft.EntityFrameworkCore.Storage.ExecutionStrategy.ExecuteAsync[TState,TResult](TState state, Func`4 operation, Func`4 verifySucceeded, CancellationToken cancellationToken)
   at Microsoft.EntityFrameworkCore.Query.Internal.SingleQueryingEnumerable`1.AsyncEnumerator.MoveNextAsync()
  Exception data:
    Severity: ERROR
    SqlState: 42703
    MessageText: column s.UpdatedAtUtc does not exist
    Position: 45
    File: parse_relation.c
    Line: 3716
    Routine: errorMissingColumn
Npgsql.PostgresException (0x80004005): 42703: column s.UpdatedAtUtc does not exist

POSITION: 45
   at Npgsql.Internal.NpgsqlConnector.ReadMessageLong(Boolean async, DataRowLoadingMode dataRowLoadingMode, Boolean readingNotifications, Boolean isReadingPrependedMessage)
   at System.Runtime.CompilerServices.PoolingAsyncValueTaskMethodBuilder`1.StateMachineBox`1.System.Threading.Tasks.Sources.IValueTaskSource<TResult>.GetResult(Int16 token)
   at Npgsql.NpgsqlDataReader.NextResult(Boolean async, Boolean isConsuming, CancellationToken cancellationToken)
   at Npgsql.NpgsqlDataReader.NextResult(Boolean async, Boolean isConsuming, CancellationToken cancellationToken)
   at Npgsql.NpgsqlCommand.ExecuteReader(Boolean async, CommandBehavior behavior, CancellationToken cancellationToken)
   at Npgsql.NpgsqlCommand.ExecuteReader(Boolean async, CommandBehavior behavior, CancellationToken cancellationToken)
   at Npgsql.NpgsqlCommand.ExecuteDbDataReaderAsync(CommandBehavior behavior, CancellationToken cancellationToken)
   at Microsoft.EntityFrameworkCore.Storage.RelationalCommand.ExecuteReaderAsync(RelationalCommandParameterObject parameterObject, CancellationToken cancellationToken)
   at Microsoft.EntityFrameworkCore.Storage.RelationalCommand.ExecuteReaderAsync(RelationalCommandParameterObject parameterObject, CancellationToken cancellationToken)
   at Microsoft.EntityFrameworkCore.Query.Internal.SingleQueryingEnumerable`1.AsyncEnumerator.InitializeReaderAsync(AsyncEnumerator enumerator, CancellationToken cancellationToken)
   at Microsoft.EntityFrameworkCore.Storage.ExecutionStrategy.<>c__DisplayClass30_0`2.<<ExecuteAsync>b__0>d.MoveNext()
--- End of stack trace from previous location ---
   at Microsoft.EntityFrameworkCore.Storage.ExecutionStrategy.ExecuteImplementationAsync[TState,TResult](Func`4 operation, Func`4 verifySucceeded, TState state, CancellationToken cancellationToken)
   at Microsoft.EntityFrameworkCore.Storage.ExecutionStrategy.ExecuteImplementationAsync[TState,TResult](Func`4 operation, Func`4 verifySucceeded, TState state, CancellationToken cancellationToken)
   at Microsoft.EntityFrameworkCore.Storage.ExecutionStrategy.ExecuteAsync[TState,TResult](TState state, Func`4 operation, Func`4 verifySucceeded, CancellationToken cancellationToken)
   at Microsoft.EntityFrameworkCore.Query.Internal.SingleQueryingEnumerable`1.AsyncEnumerator.MoveNextAsync()
  Exception data:
    Severity: ERROR
    SqlState: 42703
    MessageText: column s.UpdatedAtUtc does not exist
    Position: 45
    File: parse_relation.c
    Line: 3716
    Routine: errorMissingColumn
2025-10-05 05:36:01.711 +08:00 [ERR] Unhandled exception (filter)
Npgsql.PostgresException (0x80004005): 42703: column s.UpdatedAtUtc does not exist

POSITION: 45
   at Npgsql.Internal.NpgsqlConnector.ReadMessageLong(Boolean async, DataRowLoadingMode dataRowLoadingMode, Boolean readingNotifications, Boolean isReadingPrependedMessage)
   at System.Runtime.CompilerServices.PoolingAsyncValueTaskMethodBuilder`1.StateMachineBox`1.System.Threading.Tasks.Sources.IValueTaskSource<TResult>.GetResult(Int16 token)
   at Npgsql.NpgsqlDataReader.NextResult(Boolean async, Boolean isConsuming, CancellationToken cancellationToken)
   at Npgsql.NpgsqlDataReader.NextResult(Boolean async, Boolean isConsuming, CancellationToken cancellationToken)
   at Npgsql.NpgsqlCommand.ExecuteReader(Boolean async, CommandBehavior behavior, CancellationToken cancellationToken)
   at Npgsql.NpgsqlCommand.ExecuteReader(Boolean async, CommandBehavior behavior, CancellationToken cancellationToken)
   at Npgsql.NpgsqlCommand.ExecuteDbDataReaderAsync(CommandBehavior behavior, CancellationToken cancellationToken)
   at Microsoft.EntityFrameworkCore.Storage.RelationalCommand.ExecuteReaderAsync(RelationalCommandParameterObject parameterObject, CancellationToken cancellationToken)
   at Microsoft.EntityFrameworkCore.Storage.RelationalCommand.ExecuteReaderAsync(RelationalCommandParameterObject parameterObject, CancellationToken cancellationToken)
   at Microsoft.EntityFrameworkCore.Query.Internal.SingleQueryingEnumerable`1.AsyncEnumerator.InitializeReaderAsync(AsyncEnumerator enumerator, CancellationToken cancellationToken)
   at Microsoft.EntityFrameworkCore.Storage.ExecutionStrategy.<>c__DisplayClass30_0`2.<<ExecuteAsync>b__0>d.MoveNext()
--- End of stack trace from previous location ---
   at Microsoft.EntityFrameworkCore.Storage.ExecutionStrategy.ExecuteImplementationAsync[TState,TResult](Func`4 operation, Func`4 verifySucceeded, TState state, CancellationToken cancellationToken)
   at Microsoft.EntityFrameworkCore.Storage.ExecutionStrategy.ExecuteImplementationAsync[TState,TResult](Func`4 operation, Func`4 verifySucceeded, TState state, CancellationToken cancellationToken)
   at Microsoft.EntityFrameworkCore.Storage.ExecutionStrategy.ExecuteAsync[TState,TResult](TState state, Func`4 operation, Func`4 verifySucceeded, CancellationToken cancellationToken)
   at Microsoft.EntityFrameworkCore.Query.Internal.SingleQueryingEnumerable`1.AsyncEnumerator.MoveNextAsync()
   at Microsoft.EntityFrameworkCore.EntityFrameworkQueryableExtensions.ToListAsync[TSource](IQueryable`1 source, CancellationToken cancellationToken)
   at Microsoft.EntityFrameworkCore.EntityFrameworkQueryableExtensions.ToListAsync[TSource](IQueryable`1 source, CancellationToken cancellationToken)
   at SouthvilleEPortal.API.Modules.Students.Application.Services.StudentService.GetAllAsync(CancellationToken cancellationToken) in C:\Users\merly\source\repos\SouthvilleEPortal.API\SouthvilleEPortal.API\Modules\Students\Application\Services\StudentService.cs:line 33
   at SouthvilleEPortal.API.Modules.Students.API.StudentsController.GetAll(CancellationToken ct) in C:\Users\merly\source\repos\SouthvilleEPortal.API\SouthvilleEPortal.API\Modules\Students\API\StudentsController.cs:line 31
   at Microsoft.AspNetCore.Mvc.Infrastructure.ActionMethodExecutor.TaskOfIActionResultExecutor.Execute(ActionContext actionContext, IActionResultTypeMapper mapper, ObjectMethodExecutor executor, Object controller, Object[] arguments)
   at Microsoft.AspNetCore.Mvc.Infrastructure.ControllerActionInvoker.<InvokeActionMethodAsync>g__Awaited|12_0(ControllerActionInvoker invoker, ValueTask`1 actionResultValueTask)
   at Microsoft.AspNetCore.Mvc.Infrastructure.ControllerActionInvoker.<InvokeNextActionFilterAsync>g__Awaited|10_0(ControllerActionInvoker invoker, Task lastTask, State next, Scope scope, Object state, Boolean isCompleted)
   at Microsoft.AspNetCore.Mvc.Infrastructure.ControllerActionInvoker.Rethrow(ActionExecutedContextSealed context)
   at Microsoft.AspNetCore.Mvc.Infrastructure.ControllerActionInvoker.Next(State& next, Scope& scope, Object& state, Boolean& isCompleted)
   at Microsoft.AspNetCore.Mvc.Infrastructure.ControllerActionInvoker.<InvokeInnerFilterAsync>g__Awaited|13_0(ControllerActionInvoker invoker, Task lastTask, State next, Scope scope, Object state, Boolean isCompleted)
   at Microsoft.AspNetCore.Mvc.Infrastructure.ResourceInvoker.<InvokeNextExceptionFilterAsync>g__Awaited|26_0(ResourceInvoker invoker, Task lastTask, State next, Scope scope, Object state, Boolean isCompleted)
  Exception data:
    Severity: ERROR
    SqlState: 42703
    MessageText: column s.UpdatedAtUtc does not exist
    Position: 45
    File: parse_relation.c
    Line: 3716
    Routine: errorMissingColumn
2025-10-05 05:36:01.778 +08:00 [INF] Executing ObjectResult, writing value of type '<>f__AnonymousType0`2[[System.String, System.Private.CoreLib, Version=9.0.0.0, Culture=neutral, PublicKeyToken=7cec85d7bea7798e],[System.String, System.Private.CoreLib, Version=9.0.0.0, Culture=neutral, PublicKeyToken=7cec85d7bea7798e]]'.
2025-10-05 05:36:01.794 +08:00 [INF] Executed action SouthvilleEPortal.API.Modules.Students.API.StudentsController.GetAll (SouthvilleEPortal.API) in 33292.1689ms
2025-10-05 05:36:01.804 +08:00 [INF] Executed endpoint 'SouthvilleEPortal.API.Modules.Students.API.StudentsController.GetAll (SouthvilleEPortal.API)'
2025-10-05 05:36:01.810 +08:00 [INF] GET /api/students responded 500 in 33341.7904 ms
2025-10-05 05:36:01.822 +08:00 [ERR] HTTP GET /api/students responded 500 in 33353.5982 ms
2025-10-05 05:36:01.845 +08:00 [INF] Request finished HTTP/1.1 GET http://localhost:5092/api/students - 500 null application/json; charset=utf-8 33397.0581ms
2025-10-05 05:39:18.834 +08:00 [INF] Request starting HTTP/1.1 GET http://localhost:5092/api/students - application/json 74
2025-10-05 05:39:18.853 +08:00 [INF] Executing endpoint 'SouthvilleEPortal.API.Modules.Students.API.StudentsController.GetAll (SouthvilleEPortal.API)'
2025-10-05 05:39:18.863 +08:00 [INF] Route matched with {action = "GetAll", controller = "Students"}. Executing controller action with signature System.Threading.Tasks.Task`1[Microsoft.AspNetCore.Mvc.IActionResult] GetAll(System.Threading.CancellationToken) on controller SouthvilleEPortal.API.Modules.Students.API.StudentsController (SouthvilleEPortal.API).
2025-10-05 05:39:51.221 +08:00 [ERR] Failed executing DbCommand (32,256ms) [Parameters=[], CommandType='"Text"', CommandTimeout='30']
SELECT s."Id", s.created_at_utc, s."Email", s."UpdatedAtUtc", s.first_name, s.last_name
FROM students AS s
2025-10-05 05:39:51.233 +08:00 [INF] A transient exception occurred during execution. The operation will be retried after 0ms.
Npgsql.NpgsqlException (0x80004005): Exception while reading from stream
 ---> System.TimeoutException: Timeout during reading attempt
   at Npgsql.Internal.NpgsqlReadBuffer.<Ensure>g__EnsureLong|55_0(NpgsqlReadBuffer buffer, Int32 count, Boolean async, Boolean readingNotifications)
   at System.Runtime.CompilerServices.PoolingAsyncValueTaskMethodBuilder`1.StateMachineBox`1.System.Threading.Tasks.Sources.IValueTaskSource.GetResult(Int16 token)
   at Npgsql.Internal.NpgsqlConnector.ReadMessageLong(Boolean async, DataRowLoadingMode dataRowLoadingMode, Boolean readingNotifications, Boolean isReadingPrependedMessage)
   at System.Runtime.CompilerServices.PoolingAsyncValueTaskMethodBuilder`1.StateMachineBox`1.System.Threading.Tasks.Sources.IValueTaskSource<TResult>.GetResult(Int16 token)
   at Npgsql.NpgsqlDataReader.NextResult(Boolean async, Boolean isConsuming, CancellationToken cancellationToken)
   at Npgsql.NpgsqlDataReader.NextResult(Boolean async, Boolean isConsuming, CancellationToken cancellationToken)
   at Npgsql.NpgsqlCommand.ExecuteReader(Boolean async, CommandBehavior behavior, CancellationToken cancellationToken)
   at Npgsql.NpgsqlCommand.ExecuteReader(Boolean async, CommandBehavior behavior, CancellationToken cancellationToken)
   at Npgsql.NpgsqlCommand.ExecuteDbDataReaderAsync(CommandBehavior behavior, CancellationToken cancellationToken)
   at Microsoft.EntityFrameworkCore.Storage.RelationalCommand.ExecuteReaderAsync(RelationalCommandParameterObject parameterObject, CancellationToken cancellationToken)
   at Microsoft.EntityFrameworkCore.Storage.RelationalCommand.ExecuteReaderAsync(RelationalCommandParameterObject parameterObject, CancellationToken cancellationToken)
   at Microsoft.EntityFrameworkCore.Query.Internal.SingleQueryingEnumerable`1.AsyncEnumerator.InitializeReaderAsync(AsyncEnumerator enumerator, CancellationToken cancellationToken)
   at Microsoft.EntityFrameworkCore.Storage.ExecutionStrategy.<>c__DisplayClass30_0`2.<<ExecuteAsync>b__0>d.MoveNext()
--- End of stack trace from previous location ---
   at Microsoft.EntityFrameworkCore.Storage.ExecutionStrategy.ExecuteImplementationAsync[TState,TResult](Func`4 operation, Func`4 verifySucceeded, TState state, CancellationToken cancellationToken)
Npgsql.NpgsqlException (0x80004005): Exception while reading from stream
 ---> System.TimeoutException: Timeout during reading attempt
   at Npgsql.Internal.NpgsqlReadBuffer.<Ensure>g__EnsureLong|55_0(NpgsqlReadBuffer buffer, Int32 count, Boolean async, Boolean readingNotifications)
   at System.Runtime.CompilerServices.PoolingAsyncValueTaskMethodBuilder`1.StateMachineBox`1.System.Threading.Tasks.Sources.IValueTaskSource.GetResult(Int16 token)
   at Npgsql.Internal.NpgsqlConnector.ReadMessageLong(Boolean async, DataRowLoadingMode dataRowLoadingMode, Boolean readingNotifications, Boolean isReadingPrependedMessage)
   at System.Runtime.CompilerServices.PoolingAsyncValueTaskMethodBuilder`1.StateMachineBox`1.System.Threading.Tasks.Sources.IValueTaskSource<TResult>.GetResult(Int16 token)
   at Npgsql.NpgsqlDataReader.NextResult(Boolean async, Boolean isConsuming, CancellationToken cancellationToken)
   at Npgsql.NpgsqlDataReader.NextResult(Boolean async, Boolean isConsuming, CancellationToken cancellationToken)
   at Npgsql.NpgsqlCommand.ExecuteReader(Boolean async, CommandBehavior behavior, CancellationToken cancellationToken)
   at Npgsql.NpgsqlCommand.ExecuteReader(Boolean async, CommandBehavior behavior, CancellationToken cancellationToken)
   at Npgsql.NpgsqlCommand.ExecuteDbDataReaderAsync(CommandBehavior behavior, CancellationToken cancellationToken)
   at Microsoft.EntityFrameworkCore.Storage.RelationalCommand.ExecuteReaderAsync(RelationalCommandParameterObject parameterObject, CancellationToken cancellationToken)
   at Microsoft.EntityFrameworkCore.Storage.RelationalCommand.ExecuteReaderAsync(RelationalCommandParameterObject parameterObject, CancellationToken cancellationToken)
   at Microsoft.EntityFrameworkCore.Query.Internal.SingleQueryingEnumerable`1.AsyncEnumerator.InitializeReaderAsync(AsyncEnumerator enumerator, CancellationToken cancellationToken)
   at Microsoft.EntityFrameworkCore.Storage.ExecutionStrategy.<>c__DisplayClass30_0`2.<<ExecuteAsync>b__0>d.MoveNext()
--- End of stack trace from previous location ---
   at Microsoft.EntityFrameworkCore.Storage.ExecutionStrategy.ExecuteImplementationAsync[TState,TResult](Func`4 operation, Func`4 verifySucceeded, TState state, CancellationToken cancellationToken)
2025-10-05 05:39:51.602 +08:00 [INF] Executed DbCommand (33ms) [Parameters=[], CommandType='"Text"', CommandTimeout='30']
SELECT s."Id", s.created_at_utc, s."Email", s."UpdatedAtUtc", s.first_name, s.last_name
FROM students AS s
2025-10-05 05:39:51.637 +08:00 [INF] Executing OkObjectResult, writing value of type 'System.Linq.Enumerable+ListSelectIterator`2[[SouthvilleEPortal.API.Modules.Students.Domain.Entities.Student, SouthvilleEPortal.API, Version=1.0.0.0, Culture=neutral, PublicKeyToken=null],[SouthvilleEPortal.API.Modules.Students.API.DTOs.Responses.StudentResponse, SouthvilleEPortal.API, Version=1.0.0.0, Culture=neutral, PublicKeyToken=null]]'.
2025-10-05 05:39:51.657 +08:00 [INF] Executed action SouthvilleEPortal.API.Modules.Students.API.StudentsController.GetAll (SouthvilleEPortal.API) in 32768.8635ms
2025-10-05 05:39:51.669 +08:00 [INF] Executed endpoint 'SouthvilleEPortal.API.Modules.Students.API.StudentsController.GetAll (SouthvilleEPortal.API)'
2025-10-05 05:39:51.675 +08:00 [INF] GET /api/students responded 200 in 32829.6058 ms
2025-10-05 05:39:51.686 +08:00 [INF] HTTP GET /api/students responded 200 in 32840.8181 ms
2025-10-05 05:39:51.697 +08:00 [INF] Request finished HTTP/1.1 GET http://localhost:5092/api/students - 200 null application/json; charset=utf-8 32863.3403ms
2025-10-05 05:44:00.735 +08:00 [INF] Request starting HTTP/1.1 GET http://localhost:5092/api/students - application/json 74
2025-10-05 05:44:00.755 +08:00 [INF] Executing endpoint 'SouthvilleEPortal.API.Modules.Students.API.StudentsController.GetAll (SouthvilleEPortal.API)'
2025-10-05 05:44:00.764 +08:00 [INF] Route matched with {action = "GetAll", controller = "Students"}. Executing controller action with signature System.Threading.Tasks.Task`1[Microsoft.AspNetCore.Mvc.IActionResult] GetAll(System.Threading.CancellationToken) on controller SouthvilleEPortal.API.Modules.Students.API.StudentsController (SouthvilleEPortal.API).
2025-10-05 05:44:33.139 +08:00 [ERR] Failed executing DbCommand (32,293ms) [Parameters=[], CommandType='"Text"', CommandTimeout='30']
SELECT s."Id", s.created_at_utc, s."Email", s."UpdatedAtUtc", s.first_name, s.last_name
FROM students AS s
2025-10-05 05:44:33.154 +08:00 [INF] A transient exception occurred during execution. The operation will be retried after 0ms.
Npgsql.NpgsqlException (0x80004005): Exception while reading from stream
 ---> System.TimeoutException: Timeout during reading attempt
   at Npgsql.Internal.NpgsqlReadBuffer.<Ensure>g__EnsureLong|55_0(NpgsqlReadBuffer buffer, Int32 count, Boolean async, Boolean readingNotifications)
   at System.Runtime.CompilerServices.PoolingAsyncValueTaskMethodBuilder`1.StateMachineBox`1.System.Threading.Tasks.Sources.IValueTaskSource.GetResult(Int16 token)
   at Npgsql.Internal.NpgsqlConnector.ReadMessageLong(Boolean async, DataRowLoadingMode dataRowLoadingMode, Boolean readingNotifications, Boolean isReadingPrependedMessage)
   at System.Runtime.CompilerServices.PoolingAsyncValueTaskMethodBuilder`1.StateMachineBox`1.System.Threading.Tasks.Sources.IValueTaskSource<TResult>.GetResult(Int16 token)
   at Npgsql.NpgsqlDataReader.NextResult(Boolean async, Boolean isConsuming, CancellationToken cancellationToken)
   at Npgsql.NpgsqlDataReader.NextResult(Boolean async, Boolean isConsuming, CancellationToken cancellationToken)
   at Npgsql.NpgsqlCommand.ExecuteReader(Boolean async, CommandBehavior behavior, CancellationToken cancellationToken)
   at Npgsql.NpgsqlCommand.ExecuteReader(Boolean async, CommandBehavior behavior, CancellationToken cancellationToken)
   at Npgsql.NpgsqlCommand.ExecuteDbDataReaderAsync(CommandBehavior behavior, CancellationToken cancellationToken)
   at Microsoft.EntityFrameworkCore.Storage.RelationalCommand.ExecuteReaderAsync(RelationalCommandParameterObject parameterObject, CancellationToken cancellationToken)
   at Microsoft.EntityFrameworkCore.Storage.RelationalCommand.ExecuteReaderAsync(RelationalCommandParameterObject parameterObject, CancellationToken cancellationToken)
   at Microsoft.EntityFrameworkCore.Query.Internal.SingleQueryingEnumerable`1.AsyncEnumerator.InitializeReaderAsync(AsyncEnumerator enumerator, CancellationToken cancellationToken)
   at Microsoft.EntityFrameworkCore.Storage.ExecutionStrategy.<>c__DisplayClass30_0`2.<<ExecuteAsync>b__0>d.MoveNext()
--- End of stack trace from previous location ---
   at Microsoft.EntityFrameworkCore.Storage.ExecutionStrategy.ExecuteImplementationAsync[TState,TResult](Func`4 operation, Func`4 verifySucceeded, TState state, CancellationToken cancellationToken)
Npgsql.NpgsqlException (0x80004005): Exception while reading from stream
 ---> System.TimeoutException: Timeout during reading attempt
   at Npgsql.Internal.NpgsqlReadBuffer.<Ensure>g__EnsureLong|55_0(NpgsqlReadBuffer buffer, Int32 count, Boolean async, Boolean readingNotifications)
   at System.Runtime.CompilerServices.PoolingAsyncValueTaskMethodBuilder`1.StateMachineBox`1.System.Threading.Tasks.Sources.IValueTaskSource.GetResult(Int16 token)
   at Npgsql.Internal.NpgsqlConnector.ReadMessageLong(Boolean async, DataRowLoadingMode dataRowLoadingMode, Boolean readingNotifications, Boolean isReadingPrependedMessage)
   at System.Runtime.CompilerServices.PoolingAsyncValueTaskMethodBuilder`1.StateMachineBox`1.System.Threading.Tasks.Sources.IValueTaskSource<TResult>.GetResult(Int16 token)
   at Npgsql.NpgsqlDataReader.NextResult(Boolean async, Boolean isConsuming, CancellationToken cancellationToken)
   at Npgsql.NpgsqlDataReader.NextResult(Boolean async, Boolean isConsuming, CancellationToken cancellationToken)
   at Npgsql.NpgsqlCommand.ExecuteReader(Boolean async, CommandBehavior behavior, CancellationToken cancellationToken)
   at Npgsql.NpgsqlCommand.ExecuteReader(Boolean async, CommandBehavior behavior, CancellationToken cancellationToken)
   at Npgsql.NpgsqlCommand.ExecuteDbDataReaderAsync(CommandBehavior behavior, CancellationToken cancellationToken)
   at Microsoft.EntityFrameworkCore.Storage.RelationalCommand.ExecuteReaderAsync(RelationalCommandParameterObject parameterObject, CancellationToken cancellationToken)
   at Microsoft.EntityFrameworkCore.Storage.RelationalCommand.ExecuteReaderAsync(RelationalCommandParameterObject parameterObject, CancellationToken cancellationToken)
   at Microsoft.EntityFrameworkCore.Query.Internal.SingleQueryingEnumerable`1.AsyncEnumerator.InitializeReaderAsync(AsyncEnumerator enumerator, CancellationToken cancellationToken)
   at Microsoft.EntityFrameworkCore.Storage.ExecutionStrategy.<>c__DisplayClass30_0`2.<<ExecuteAsync>b__0>d.MoveNext()
--- End of stack trace from previous location ---
   at Microsoft.EntityFrameworkCore.Storage.ExecutionStrategy.ExecuteImplementationAsync[TState,TResult](Func`4 operation, Func`4 verifySucceeded, TState state, CancellationToken cancellationToken)
2025-10-05 05:44:33.524 +08:00 [INF] Executed DbCommand (35ms) [Parameters=[], CommandType='"Text"', CommandTimeout='30']
SELECT s."Id", s.created_at_utc, s."Email", s."UpdatedAtUtc", s.first_name, s.last_name
FROM students AS s
2025-10-05 05:44:33.571 +08:00 [INF] Executing OkObjectResult, writing value of type 'System.Linq.Enumerable+ListSelectIterator`2[[SouthvilleEPortal.API.Modules.Students.Domain.Entities.Student, SouthvilleEPortal.API, Version=1.0.0.0, Culture=neutral, PublicKeyToken=null],[SouthvilleEPortal.API.Modules.Students.API.DTOs.Responses.StudentResponse, SouthvilleEPortal.API, Version=1.0.0.0, Culture=neutral, PublicKeyToken=null]]'.
2025-10-05 05:44:33.585 +08:00 [INF] Executed action SouthvilleEPortal.API.Modules.Students.API.StudentsController.GetAll (SouthvilleEPortal.API) in 32790.7499ms
2025-10-05 05:44:33.593 +08:00 [INF] Executed endpoint 'SouthvilleEPortal.API.Modules.Students.API.StudentsController.GetAll (SouthvilleEPortal.API)'
2025-10-05 05:44:33.602 +08:00 [INF] GET /api/students responded 200 in 32852.3291 ms
2025-10-05 05:44:33.610 +08:00 [INF] HTTP GET /api/students responded 200 in 32860.2558 ms
2025-10-05 05:44:33.623 +08:00 [INF] Request finished HTTP/1.1 GET http://localhost:5092/api/students - 200 null application/json; charset=utf-8 32888.2005ms
